#
# A fatal error has been detected by the Java Runtime Environment:
#
#  EXCEPTION_ACCESS_VIOLATION (0xc0000005) at pc=0x00007ff9724619d9, pid=8196, tid=15176
#
# JRE version: Java(TM) SE Runtime Environment (9.0+11) (build 9.0.1+11)
# Java VM: Java HotSpot(TM) 64-Bit Server VM (9.0.1+11, mixed mode, tiered, compressed oops, g1 gc, windows-amd64)
# Problematic frame:
# C  [awt.dll+0x919d9]
#
# No core dump will be written. Minidumps are not enabled by default on client versions of Windows
#
# If you would like to submit a bug report, please visit:
#   http://bugreport.java.com/bugreport/crash.jsp
# The crash happened outside the Java Virtual Machine in native code.
# See problematic frame for where to report the bug.
#

---------------  S U M M A R Y ------------

Command Line: HardwareSimulatorMain

Host: Intel(R) Core(TM) i5-3210M CPU @ 2.50GHz, 4 cores, 15G,  Windows 10 , 64 bit Build 16299 (10.0.16299.15)
Time: Thu Jan 11 17:25:34 2018 ?D2?¡À¨º¡Á?¨º¡À?? elapsed time: 3506 seconds (0d 0h 58m 26s)

---------------  T H R E A D  ---------------

Current thread (0x000002063683c800):  JavaThread "AWT-Windows" daemon [_thread_in_native, id=15176, stack(0x0000001bd5600000,0x0000001bd5700000)]

Stack: [0x0000001bd5600000,0x0000001bd5700000],  sp=0x0000001bd56fe270,  free space=1016k
Native frames: (J=compiled Java code, j=interpreted, Vv=VM code, C=native code)
C  [awt.dll+0x919d9]
C  [awt.dll+0x90a1c]
C  [awt.dll+0xd7841]
C  [awt.dll+0xaaa13]
C  [awt.dll+0x930ed]
C  [USER32.dll+0xb85d]
C  [USER32.dll+0xb40b]
C  [awt.dll+0x1599b]
C  [COMCTL32.dll+0x2f14e]
C  [COMCTL32.dll+0x2ef92]
C  [USER32.dll+0xb85d]
C  [USER32.dll+0xb40b]
C  [tv_x64.dll+0xe9f6]
C  [USER32.dll+0xb85d]
C  [USER32.dll+0xb1ef]
C  [awt.dll+0xccc3c]
C  [awt.dll+0xcee1b]
C  0x0000020619e4919c

Java frames: (J=compiled Java code, j=interpreted, Vv=VM code)
j  sun.awt.windows.WToolkit.eventLoop()V+0 java.desktop@9.0.1
j  sun.awt.windows.WToolkit.run()V+50 java.desktop@9.0.1
j  java.lang.Thread.run()V+11 java.base@9.0.1
v  ~StubRoutines::call_stub

siginfo: EXCEPTION_ACCESS_VIOLATION (0xc0000005), reading address 0xffffffffffffffff


Register to memory mapping:

RIP=0x00007ff9724619d9 awt.dll
RAX=0x2f676e616c2f6176 is an unknown value
RBX=0x0000000000000000 is an unknown value
RCX=0x2f676e616c2f6176 is an unknown value
RDX=0x00007ff9724bac60 awt.dll
RSP=0x0000001bd56fe270 is pointing into the stack for thread: 0x000002063683c800
RBP=0x0000001bd56fe349 is pointing into the stack for thread: 0x000002063683c800
RSI=0x0000000000000111 is an unknown value
RDI=0x0000020636ecf790 is an unknown value
R8 =0x0000000000000000 is an unknown value
R9 =0x0000000000000000 is an unknown value
R10=0x00007ff9724d91c8 awt.dll
R11=0x0000000000000000 is an unknown value
R12=0x0000000000000001 is an unknown value
R13=0x0000000000000002 is an unknown value
R14=0x000000000000a220 is an unknown value
R15=0x0000000000000000 is an unknown value


Registers:
RAX=0x2f676e616c2f6176, RBX=0x0000000000000000, RCX=0x2f676e616c2f6176, RDX=0x00007ff9724bac60
RSP=0x0000001bd56fe270, RBP=0x0000001bd56fe349, RSI=0x0000000000000111, RDI=0x0000020636ecf790
R8 =0x0000000000000000, R9 =0x0000000000000000, R10=0x00007ff9724d91c8, R11=0x0000000000000000
R12=0x0000000000000001, R13=0x0000000000000002, R14=0x000000000000a220, R15=0x0000000000000000
RIP=0x00007ff9724619d9, EFLAGS=0x0000000000010202

Top of Stack: (sp=0x0000001bd56fe270)
0x0000001bd56fe270:   0000000000000000 0000000000000000
0x0000001bd56fe280:   0000000000000000 00007ff9a10813a7
0x0000001bd56fe290:   000000000000010d 00007ff972460a1c
0x0000001bd56fe2a0:   0000020636ecf790 0000001bd56fe349
0x0000001bd56fe2b0:   0000000000000111 00007ff95f1ba1bd
0x0000001bd56fe2c0:   000000000000c388 00000000003c1dd6
0x0000001bd56fe2d0:   000000000000c388 00007ff984d7eff6
0x0000001bd56fe2e0:   0000000000000000 0000000000000001
0x0000001bd56fe2f0:   0000000000000001 0000000000000000
0x0000001bd56fe300:   0000000000000000 0000020636ecf790
0x0000001bd56fe310:   000000000000c388 0000020636ecf818
0x0000001bd56fe320:   000002063683ca18 fffffffffffffffe
0x0000001bd56fe330:   0000000200000002 0000000000000000
0x0000001bd56fe340:   0000789d618a00aa 0000cac1c7cd0661
0x0000001bd56fe350:   0000e6f79ce30575 0000000000000000
0x0000001bd56fe360:   000000000000c388 0000000000000000 

Instructions: (pc=0x00007ff9724619d9)
0x00007ff9724619b9:   4d 85 c0 75 23 48 8d 0d 8b e7 0b 00 e8 e6 b1 03
0x00007ff9724619c9:   00 48 8b c8 48 85 c0 75 07 b8 02 00 00 00 eb 29
0x00007ff9724619d9:   48 8b 00 ff 50 10 eb f1 49 8b c8 e8 87 b7 ff ff
0x00007ff9724619e9:   48 85 c0 74 0f 4c 8b 00 8b d3 48 8b c8 41 ff 90 



---------------  P R O C E S S  ---------------

Java Threads: ( => current thread )
  0x0000020637ced800 JavaThread "DestroyJavaVM" [_thread_blocked, id=19644, stack(0x0000001bd3c00000,0x0000001bd3d00000)]
  0x0000020637ceb000 JavaThread "SwingWorker-pool-2-thread-2" daemon [_thread_blocked, id=8864, stack(0x0000001bd6a00000,0x0000001bd6b00000)]
  0x0000020637cec800 JavaThread "TimerQueue" daemon [_thread_blocked, id=20980, stack(0x0000001bd6900000,0x0000001bd6a00000)]
  0x0000020637cec000 JavaThread "SwingWorker-pool-2-thread-1" daemon [_thread_blocked, id=16304, stack(0x0000001bd6800000,0x0000001bd6900000)]
  0x00000206392cd000 JavaThread "Swing-Shell" daemon [_thread_blocked, id=21208, stack(0x0000001bd5b00000,0x0000001bd5c00000)]
  0x0000020637e7d800 JavaThread "AWT-EventQueue-0" [_thread_in_native, id=16128, stack(0x0000001bd5a00000,0x0000001bd5b00000)]
  0x0000020636870000 JavaThread "AWT-Shutdown" [_thread_blocked, id=20016, stack(0x0000001bd5900000,0x0000001bd5a00000)]
=>0x000002063683c800 JavaThread "AWT-Windows" daemon [_thread_in_native, id=15176, stack(0x0000001bd5600000,0x0000001bd5700000)]
  0x00000206369fa800 JavaThread "Java2D Disposer" daemon [_thread_blocked, id=9500, stack(0x0000001bd5400000,0x0000001bd5500000)]
  0x000002063657c000 JavaThread "Service Thread" daemon [_thread_blocked, id=9768, stack(0x0000001bd5200000,0x0000001bd5300000)]
  0x0000020635b5e800 JavaThread "Common-Cleaner" daemon [_thread_blocked, id=1496, stack(0x0000001bd5100000,0x0000001bd5200000)]
  0x0000020635b5c800 JavaThread "Sweeper thread" daemon [_thread_blocked, id=18124, stack(0x0000001bd5000000,0x0000001bd5100000)]
  0x0000020635b5c000 JavaThread "C1 CompilerThread2" daemon [_thread_blocked, id=11616, stack(0x0000001bd4f00000,0x0000001bd5000000)]
  0x00000206363b4800 JavaThread "C2 CompilerThread1" daemon [_thread_blocked, id=20692, stack(0x0000001bd4e00000,0x0000001bd4f00000)]
  0x0000020635b52800 JavaThread "C2 CompilerThread0" daemon [_thread_blocked, id=19580, stack(0x0000001bd4d00000,0x0000001bd4e00000)]
  0x00000206363ab800 JavaThread "Attach Listener" daemon [_thread_blocked, id=22168, stack(0x0000001bd4c00000,0x0000001bd4d00000)]
  0x00000206363aa800 JavaThread "Signal Dispatcher" daemon [_thread_blocked, id=18984, stack(0x0000001bd4b00000,0x0000001bd4c00000)]
  0x0000020635b37800 JavaThread "Finalizer" daemon [_thread_blocked, id=16684, stack(0x0000001bd4a00000,0x0000001bd4b00000)]
  0x0000020635b2d000 JavaThread "Reference Handler" daemon [_thread_blocked, id=11056, stack(0x0000001bd4900000,0x0000001bd4a00000)]

Other Threads:
  0x0000020635b28000 VMThread "VM Thread" [stack: 0x0000001bd4800000,0x0000001bd4900000] [id=11388]
  0x00000206365c1000 WatcherThread [stack: 0x0000001bd5300000,0x0000001bd5400000] [id=22520]
  0x000002060d9d9800 GCTaskThread "GC Thread#0" [stack: 0x0000001bd3d00000,0x0000001bd3e00000] [id=12760]
  0x000002060d9db000 GCTaskThread "GC Thread#1" [stack: 0x0000001bd3e00000,0x0000001bd3f00000] [id=18392]
  0x000002060d9dc800 GCTaskThread "GC Thread#2" [stack: 0x0000001bd3f00000,0x0000001bd4000000] [id=15836]
  0x000002060d9e3800 GCTaskThread "GC Thread#3" [stack: 0x0000001bd4000000,0x0000001bd4100000] [id=18380]
  0x000002060da34800 ConcurrentGCThread "G1 Main Marker" [stack: 0x0000001bd4600000,0x0000001bd4700000] [id=22204]
  0x000002060da37800 ConcurrentGCThread "G1 Marker#0" [stack: 0x0000001bd4700000,0x0000001bd4800000] [id=21748]
  0x000002060d9f2000 ConcurrentGCThread "G1 Refine#0" [stack: 0x0000001bd4400000,0x0000001bd4500000] [id=20424]
  0x000002060d9f1000 ConcurrentGCThread "G1 Refine#1" [stack: 0x0000001bd4300000,0x0000001bd4400000] [id=4964]
  0x000002060d9f0000 ConcurrentGCThread "G1 Refine#2" [stack: 0x0000001bd4200000,0x0000001bd4300000] [id=6784]
  0x000002060d9e9800 ConcurrentGCThread "G1 Refine#3" [stack: 0x0000001bd4100000,0x0000001bd4200000] [id=10528]
  0x000002060d9f3000 ConcurrentGCThread "G1 Young RemSet Sampling" [stack: 0x0000001bd4500000,0x0000001bd4600000] [id=17724]

Threads with active compile tasks:

VM state:not at safepoint (normal execution)

VM Mutex/Monitor currently owned by a thread: None

Heap address: 0x00000006c2200000, size: 4062 MB, Compressed Oops mode: Zero based, Oop shift amount: 3
Narrow klass base: 0x0000000000000000, Narrow klass shift: 3
Compressed class space size: 1073741824 Address: 0x00000007c0000000

Heap:
 garbage-first heap   total 260096K, used 37924K [0x00000006c2200000, 0x00000006c23007f0, 0x00000007c0000000)
  region size 1024K, 27 young (27648K), 4 survivors (4096K)
 Metaspace       used 22692K, capacity 23854K, committed 23936K, reserved 1071104K
  class space    used 2630K, capacity 2878K, committed 2944K, reserved 1048576K
Heap Regions: E=young(eden), S=young(survivor), O=old, HS=humongous(starts), HC=humongous(continues), CS=collection set, F=free, A=archive, TS=gc time stamp, AC=allocation context, TAMS=top-at-mark-start (previous, next)
|   0|0x00000006c2200000, 0x00000006c2300000, 0x00000006c2300000|100%| O|  |TS  0|AC  0|TAMS 0x00000006c2300000, 0x00000006c2300000|
|   1|0x00000006c2300000, 0x00000006c2400000, 0x00000006c2400000|100%| O|  |TS  0|AC  0|TAMS 0x00000006c2400000, 0x00000006c2400000|
|   2|0x00000006c2400000, 0x00000006c2500000, 0x00000006c2500000|100%| O|  |TS  0|AC  0|TAMS 0x00000006c2500000, 0x00000006c2500000|
|   3|0x00000006c2500000, 0x00000006c250b200, 0x00000006c2600000|  4%| O|  |TS  0|AC  0|TAMS 0x00000006c250b200, 0x00000006c250b200|
|   4|0x00000006c2600000, 0x00000006c2700000, 0x00000006c2700000|100%|HS|  |TS  0|AC  0|TAMS 0x00000006c2600000, 0x00000006c2600000|
|   5|0x00000006c2700000, 0x00000006c2800000, 0x00000006c2800000|100%|HS|  |TS  0|AC  0|TAMS 0x00000006c2800000, 0x00000006c2800000|
|   6|0x00000006c2800000, 0x00000006c2900000, 0x00000006c2900000|100%|HC|  |TS  0|AC  0|TAMS 0x00000006c2900000, 0x00000006c2900000|
|   7|0x00000006c2900000, 0x00000006c2a00000, 0x00000006c2a00000|100%|HC|  |TS  0|AC  0|TAMS 0x00000006c2a00000, 0x00000006c2a00000|
|   8|0x00000006c2a00000, 0x00000006c2b00000, 0x00000006c2b00000|100%|HS|  |TS  0|AC  0|TAMS 0x00000006c2a00000, 0x00000006c2a00000|
|   9|0x00000006c2b00000, 0x00000006c2c00000, 0x00000006c2c00000|100%|HS|  |TS  0|AC  0|TAMS 0x00000006c2b00000, 0x00000006c2b00000|
|  10|0x00000006c2c00000, 0x00000006c2d00000, 0x00000006c2d00000|100%|HC|  |TS  0|AC  0|TAMS 0x00000006c2c00000, 0x00000006c2c00000|
|  11|0x00000006c2d00000, 0x00000006c2e00000, 0x00000006c2e00000|100%|HC|  |TS  0|AC  0|TAMS 0x00000006c2d00000, 0x00000006c2d00000|
|  12|0x00000006c2e00000, 0x00000006c2e00000, 0x00000006c2f00000|  0%| F|  |TS  0|AC  0|TAMS 0x00000006c2e00000, 0x00000006c2e00000|
|  13|0x00000006c2f00000, 0x00000006c2f00000, 0x00000006c3000000|  0%| F|  |TS  0|AC  0|TAMS 0x00000006c2f00000, 0x00000006c2f00000|
|  14|0x00000006c3000000, 0x00000006c3000000, 0x00000006c3100000|  0%| F|  |TS  0|AC  0|TAMS 0x00000006c3000000, 0x00000006c3000000|
|  15|0x00000006c3100000, 0x00000006c3100000, 0x00000006c3200000|  0%| F|  |TS  0|AC  0|TAMS 0x00000006c3100000, 0x00000006c3100000|
|  16|0x00000006c3200000, 0x00000006c3200000, 0x00000006c3300000|  0%| F|  |TS  0|AC  0|TAMS 0x00000006c3200000, 0x00000006c3200000|
|  17|0x00000006c3300000, 0x00000006c3300000, 0x00000006c3400000|  0%| F|  |TS  0|AC  0|TAMS 0x00000006c3300000, 0x00000006c3300000|
|  18|0x00000006c3400000, 0x00000006c3400000, 0x00000006c3500000|  0%| F|  |TS  0|AC  0|TAMS 0x00000006c3400000, 0x00000006c3400000|
|  19|0x00000006c3500000, 0x00000006c3500000, 0x00000006c3600000|  0%| F|  |TS  0|AC  0|TAMS 0x00000006c3500000, 0x00000006c3500000|
|  20|0x00000006c3600000, 0x00000006c3600000, 0x00000006c3700000|  0%| F|  |TS  0|AC  0|TAMS 0x00000006c3600000, 0x00000006c3600000|
|  21|0x00000006c3700000, 0x00000006c3700000, 0x00000006c3800000|  0%| F|  |TS  0|AC  0|TAMS 0x00000006c3700000, 0x00000006c3700000|
|  22|0x00000006c3800000, 0x00000006c3800000, 0x00000006c3900000|  0%| F|  |TS  0|AC  0|TAMS 0x00000006c3800000, 0x00000006c3800000|
|  23|0x00000006c3900000, 0x00000006c3900000, 0x00000006c3a00000|  0%| F|  |TS  0|AC  0|TAMS 0x00000006c3900000, 0x00000006c3900000|
|  24|0x00000006c3a00000, 0x00000006c3a00000, 0x00000006c3b00000|  0%| F|  |TS  0|AC  0|TAMS 0x00000006c3a00000, 0x00000006c3a00000|
|  25|0x00000006c3b00000, 0x00000006c3b00000, 0x00000006c3c00000|  0%| F|  |TS  0|AC  0|TAMS 0x00000006c3b00000, 0x00000006c3b00000|
|  26|0x00000006c3c00000, 0x00000006c3c00000, 0x00000006c3d00000|  0%| F|  |TS  0|AC  0|TAMS 0x00000006c3c00000, 0x00000006c3c00000|
|  27|0x00000006c3d00000, 0x00000006c3d00000, 0x00000006c3e00000|  0%| F|  |TS  0|AC  0|TAMS 0x00000006c3d00000, 0x00000006c3d00000|
|  28|0x00000006c3e00000, 0x00000006c3e00000, 0x00000006c3f00000|  0%| F|  |TS  0|AC  0|TAMS 0x00000006c3e00000, 0x00000006c3e00000|
|  29|0x00000006c3f00000, 0x00000006c3f00000, 0x00000006c4000000|  0%| F|  |TS  0|AC  0|TAMS 0x00000006c3f00000, 0x00000006c3f00000|
|  30|0x00000006c4000000, 0x00000006c4000000, 0x00000006c4100000|  0%| F|  |TS  0|AC  0|TAMS 0x00000006c4000000, 0x00000006c4000000|
|  31|0x00000006c4100000, 0x00000006c4100000, 0x00000006c4200000|  0%| F|  |TS  0|AC  0|TAMS 0x00000006c4100000, 0x00000006c4100000|
|  32|0x00000006c4200000, 0x00000006c4200000, 0x00000006c4300000|  0%| F|  |TS  0|AC  0|TAMS 0x00000006c4200000, 0x00000006c4200000|
|  33|0x00000006c4300000, 0x00000006c4300000, 0x00000006c4400000|  0%| F|  |TS  0|AC  0|TAMS 0x00000006c4300000, 0x00000006c4300000|
|  34|0x00000006c4400000, 0x00000006c4400000, 0x00000006c4500000|  0%| F|  |TS  0|AC  0|TAMS 0x00000006c4400000, 0x00000006c4400000|
|  35|0x00000006c4500000, 0x00000006c4500000, 0x00000006c4600000|  0%| F|  |TS  0|AC  0|TAMS 0x00000006c4500000, 0x00000006c4500000|
|  36|0x00000006c4600000, 0x00000006c4600000, 0x00000006c4700000|  0%| F|  |TS  0|AC  0|TAMS 0x00000006c4600000, 0x00000006c4600000|
|  37|0x00000006c4700000, 0x00000006c4700000, 0x00000006c4800000|  0%| F|  |TS  0|AC  0|TAMS 0x00000006c4700000, 0x00000006c4700000|
|  38|0x00000006c4800000, 0x00000006c4800000, 0x00000006c4900000|  0%| F|  |TS  0|AC  0|TAMS 0x00000006c4800000, 0x00000006c4800000|
|  39|0x00000006c4900000, 0x00000006c4900000, 0x00000006c4a00000|  0%| F|  |TS  0|AC  0|TAMS 0x00000006c4900000, 0x00000006c4900000|
|  40|0x00000006c4a00000, 0x00000006c4a00000, 0x00000006c4b00000|  0%| F|  |TS  0|AC  0|TAMS 0x00000006c4a00000, 0x00000006c4a00000|
|  41|0x00000006c4b00000, 0x00000006c4b00000, 0x00000006c4c00000|  0%| F|  |TS  0|AC  0|TAMS 0x00000006c4b00000, 0x00000006c4b00000|
|  42|0x00000006c4c00000, 0x00000006c4c00000, 0x00000006c4d00000|  0%| F|  |TS  0|AC  0|TAMS 0x00000006c4c00000, 0x00000006c4c00000|
|  43|0x00000006c4d00000, 0x00000006c4d00000, 0x00000006c4e00000|  0%| F|  |TS  0|AC  0|TAMS 0x00000006c4d00000, 0x00000006c4d00000|
|  44|0x00000006c4e00000, 0x00000006c4e00000, 0x00000006c4f00000|  0%| F|  |TS  0|AC  0|TAMS 0x00000006c4e00000, 0x00000006c4e00000|
|  45|0x00000006c4f00000, 0x00000006c4f00000, 0x00000006c5000000|  0%| F|  |TS  0|AC  0|TAMS 0x00000006c4f00000, 0x00000006c4f00000|
|  46|0x00000006c5000000, 0x00000006c5000000, 0x00000006c5100000|  0%| F|  |TS  0|AC  0|TAMS 0x00000006c5000000, 0x00000006c5000000|
|  47|0x00000006c5100000, 0x00000006c5100000, 0x00000006c5200000|  0%| F|  |TS  0|AC  0|TAMS 0x00000006c5100000, 0x00000006c5100000|
|  48|0x00000006c5200000, 0x00000006c5200000, 0x00000006c5300000|  0%| F|  |TS  0|AC  0|TAMS 0x00000006c5200000, 0x00000006c5200000|
|  49|0x00000006c5300000, 0x00000006c5300000, 0x00000006c5400000|  0%| F|  |TS  0|AC  0|TAMS 0x00000006c5300000, 0x00000006c5300000|
|  50|0x00000006c5400000, 0x00000006c5400000, 0x00000006c5500000|  0%| F|  |TS  0|AC  0|TAMS 0x00000006c5400000, 0x00000006c5400000|
|  51|0x00000006c5500000, 0x00000006c5500000, 0x00000006c5600000|  0%| F|  |TS  0|AC  0|TAMS 0x00000006c5500000, 0x00000006c5500000|
|  52|0x00000006c5600000, 0x00000006c5600000, 0x00000006c5700000|  0%| F|  |TS  0|AC  0|TAMS 0x00000006c5600000, 0x00000006c5600000|
|  53|0x00000006c5700000, 0x00000006c5700000, 0x00000006c5800000|  0%| F|  |TS  0|AC  0|TAMS 0x00000006c5700000, 0x00000006c5700000|
|  54|0x00000006c5800000, 0x00000006c5800000, 0x00000006c5900000|  0%| F|  |TS  0|AC  0|TAMS 0x00000006c5800000, 0x00000006c5800000|
|  55|0x00000006c5900000, 0x00000006c5900000, 0x00000006c5a00000|  0%| F|  |TS  0|AC  0|TAMS 0x00000006c5900000, 0x00000006c5900000|
|  56|0x00000006c5a00000, 0x00000006c5a00000, 0x00000006c5b00000|  0%| F|  |TS  0|AC  0|TAMS 0x00000006c5a00000, 0x00000006c5a00000|
|  57|0x00000006c5b00000, 0x00000006c5b00000, 0x00000006c5c00000|  0%| F|  |TS  0|AC  0|TAMS 0x00000006c5b00000, 0x00000006c5b00000|
|  58|0x00000006c5c00000, 0x00000006c5c00000, 0x00000006c5d00000|  0%| F|  |TS  0|AC  0|TAMS 0x00000006c5c00000, 0x00000006c5c00000|
|  59|0x00000006c5d00000, 0x00000006c5d00000, 0x00000006c5e00000|  0%| F|  |TS  0|AC  0|TAMS 0x00000006c5d00000, 0x00000006c5d00000|
|  60|0x00000006c5e00000, 0x00000006c5e00000, 0x00000006c5f00000|  0%| F|  |TS  0|AC  0|TAMS 0x00000006c5e00000, 0x00000006c5e00000|
|  61|0x00000006c5f00000, 0x00000006c5f00000, 0x00000006c6000000|  0%| F|  |TS  0|AC  0|TAMS 0x00000006c5f00000, 0x00000006c5f00000|
|  62|0x00000006c6000000, 0x00000006c6000000, 0x00000006c6100000|  0%| F|  |TS  0|AC  0|TAMS 0x00000006c6000000, 0x00000006c6000000|
|  63|0x00000006c6100000, 0x00000006c6100000, 0x00000006c6200000|  0%| F|  |TS  0|AC  0|TAMS 0x00000006c6100000, 0x00000006c6100000|
|  64|0x00000006c6200000, 0x00000006c6200000, 0x00000006c6300000|  0%| F|  |TS  0|AC  0|TAMS 0x00000006c6200000, 0x00000006c6200000|
|  65|0x00000006c6300000, 0x00000006c6300000, 0x00000006c6400000|  0%| F|  |TS  0|AC  0|TAMS 0x00000006c6300000, 0x00000006c6300000|
|  66|0x00000006c6400000, 0x00000006c6400000, 0x00000006c6500000|  0%| F|  |TS  0|AC  0|TAMS 0x00000006c6400000, 0x00000006c6400000|
|  67|0x00000006c6500000, 0x00000006c6500000, 0x00000006c6600000|  0%| F|  |TS  0|AC  0|TAMS 0x00000006c6500000, 0x00000006c6500000|
|  68|0x00000006c6600000, 0x00000006c6600000, 0x00000006c6700000|  0%| F|  |TS  0|AC  0|TAMS 0x00000006c6600000, 0x00000006c6600000|
|  69|0x00000006c6700000, 0x00000006c6700000, 0x00000006c6800000|  0%| F|  |TS  0|AC  0|TAMS 0x00000006c6700000, 0x00000006c6700000|
|  70|0x00000006c6800000, 0x00000006c6800000, 0x00000006c6900000|  0%| F|  |TS  0|AC  0|TAMS 0x00000006c6800000, 0x00000006c6800000|
|  71|0x00000006c6900000, 0x00000006c6900000, 0x00000006c6a00000|  0%| F|  |TS  0|AC  0|TAMS 0x00000006c6900000, 0x00000006c6900000|
|  72|0x00000006c6a00000, 0x00000006c6a00000, 0x00000006c6b00000|  0%| F|  |TS  0|AC  0|TAMS 0x00000006c6a00000, 0x00000006c6a00000|
|  73|0x00000006c6b00000, 0x00000006c6b00000, 0x00000006c6c00000|  0%| F|  |TS  0|AC  0|TAMS 0x00000006c6b00000, 0x00000006c6b00000|
|  74|0x00000006c6c00000, 0x00000006c6c00000, 0x00000006c6d00000|  0%| F|  |TS  0|AC  0|TAMS 0x00000006c6c00000, 0x00000006c6c00000|
|  75|0x00000006c6d00000, 0x00000006c6d00000, 0x00000006c6e00000|  0%| F|  |TS  0|AC  0|TAMS 0x00000006c6d00000, 0x00000006c6d00000|
|  76|0x00000006c6e00000, 0x00000006c6e00000, 0x00000006c6f00000|  0%| F|  |TS  0|AC  0|TAMS 0x00000006c6e00000, 0x00000006c6e00000|
|  77|0x00000006c6f00000, 0x00000006c6f00000, 0x00000006c7000000|  0%| F|  |TS  0|AC  0|TAMS 0x00000006c6f00000, 0x00000006c6f00000|
|  78|0x00000006c7000000, 0x00000006c7000000, 0x00000006c7100000|  0%| F|  |TS  0|AC  0|TAMS 0x00000006c7000000, 0x00000006c7000000|
|  79|0x00000006c7100000, 0x00000006c7100000, 0x00000006c7200000|  0%| F|  |TS  0|AC  0|TAMS 0x00000006c7100000, 0x00000006c7100000|
|  80|0x00000006c7200000, 0x00000006c7200000, 0x00000006c7300000|  0%| F|  |TS  0|AC  0|TAMS 0x00000006c7200000, 0x00000006c7200000|
|  81|0x00000006c7300000, 0x00000006c7300000, 0x00000006c7400000|  0%| F|  |TS  0|AC  0|TAMS 0x00000006c7300000, 0x00000006c7300000|
|  82|0x00000006c7400000, 0x00000006c7400000, 0x00000006c7500000|  0%| F|  |TS  0|AC  0|TAMS 0x00000006c7400000, 0x00000006c7400000|
|  83|0x00000006c7500000, 0x00000006c7500000, 0x00000006c7600000|  0%| F|  |TS  0|AC  0|TAMS 0x00000006c7500000, 0x00000006c7500000|
|  84|0x00000006c7600000, 0x00000006c7600000, 0x00000006c7700000|  0%| F|  |TS  0|AC  0|TAMS 0x00000006c7600000, 0x00000006c7600000|
|  85|0x00000006c7700000, 0x00000006c7700000, 0x00000006c7800000|  0%| F|  |TS  0|AC  0|TAMS 0x00000006c7700000, 0x00000006c7700000|
|  86|0x00000006c7800000, 0x00000006c7800000, 0x00000006c7900000|  0%| F|  |TS  0|AC  0|TAMS 0x00000006c7800000, 0x00000006c7800000|
|  87|0x00000006c7900000, 0x00000006c7900000, 0x00000006c7a00000|  0%| F|  |TS  0|AC  0|TAMS 0x00000006c7900000, 0x00000006c7900000|
|  88|0x00000006c7a00000, 0x00000006c7a00000, 0x00000006c7b00000|  0%| F|  |TS  0|AC  0|TAMS 0x00000006c7a00000, 0x00000006c7a00000|
|  89|0x00000006c7b00000, 0x00000006c7b00000, 0x00000006c7c00000|  0%| F|  |TS  0|AC  0|TAMS 0x00000006c7b00000, 0x00000006c7b00000|
|  90|0x00000006c7c00000, 0x00000006c7c00000, 0x00000006c7d00000|  0%| F|  |TS  0|AC  0|TAMS 0x00000006c7c00000, 0x00000006c7c00000|
|  91|0x00000006c7d00000, 0x00000006c7d00000, 0x00000006c7e00000|  0%| F|  |TS  0|AC  0|TAMS 0x00000006c7d00000, 0x00000006c7d00000|
|  92|0x00000006c7e00000, 0x00000006c7e00000, 0x00000006c7f00000|  0%| F|  |TS  0|AC  0|TAMS 0x00000006c7e00000, 0x00000006c7e00000|
|  93|0x00000006c7f00000, 0x00000006c7f00000, 0x00000006c8000000|  0%| F|  |TS  0|AC  0|TAMS 0x00000006c7f00000, 0x00000006c7f00000|
|  94|0x00000006c8000000, 0x00000006c8000000, 0x00000006c8100000|  0%| F|  |TS  0|AC  0|TAMS 0x00000006c8000000, 0x00000006c8000000|
|  95|0x00000006c8100000, 0x00000006c8100000, 0x00000006c8200000|  0%| F|  |TS  0|AC  0|TAMS 0x00000006c8100000, 0x00000006c8100000|
|  96|0x00000006c8200000, 0x00000006c8200000, 0x00000006c8300000|  0%| F|  |TS  0|AC  0|TAMS 0x00000006c8200000, 0x00000006c8200000|
|  97|0x00000006c8300000, 0x00000006c8300000, 0x00000006c8400000|  0%| F|  |TS  0|AC  0|TAMS 0x00000006c8300000, 0x00000006c8300000|
|  98|0x00000006c8400000, 0x00000006c8400000, 0x00000006c8500000|  0%| F|  |TS  0|AC  0|TAMS 0x00000006c8400000, 0x00000006c8400000|
|  99|0x00000006c8500000, 0x00000006c8500000, 0x00000006c8600000|  0%| F|  |TS  0|AC  0|TAMS 0x00000006c8500000, 0x00000006c8500000|
| 100|0x00000006c8600000, 0x00000006c8600000, 0x00000006c8700000|  0%| F|  |TS  0|AC  0|TAMS 0x00000006c8600000, 0x00000006c8600000|
| 101|0x00000006c8700000, 0x00000006c8700000, 0x00000006c8800000|  0%| F|  |TS  0|AC  0|TAMS 0x00000006c8700000, 0x00000006c8700000|
| 102|0x00000006c8800000, 0x00000006c8800000, 0x00000006c8900000|  0%| F|  |TS  0|AC  0|TAMS 0x00000006c8800000, 0x00000006c8800000|
| 103|0x00000006c8900000, 0x00000006c8900000, 0x00000006c8a00000|  0%| F|  |TS  0|AC  0|TAMS 0x00000006c8900000, 0x00000006c8900000|
| 104|0x00000006c8a00000, 0x00000006c8a00000, 0x00000006c8b00000|  0%| F|  |TS  0|AC  0|TAMS 0x00000006c8a00000, 0x00000006c8a00000|
| 105|0x00000006c8b00000, 0x00000006c8b00000, 0x00000006c8c00000|  0%| F|  |TS  0|AC  0|TAMS 0x00000006c8b00000, 0x00000006c8b00000|
| 106|0x00000006c8c00000, 0x00000006c8c00000, 0x00000006c8d00000|  0%| F|  |TS  0|AC  0|TAMS 0x00000006c8c00000, 0x00000006c8c00000|
| 107|0x00000006c8d00000, 0x00000006c8d00000, 0x00000006c8e00000|  0%| F|  |TS  0|AC  0|TAMS 0x00000006c8d00000, 0x00000006c8d00000|
| 108|0x00000006c8e00000, 0x00000006c8e00000, 0x00000006c8f00000|  0%| F|  |TS  0|AC  0|TAMS 0x00000006c8e00000, 0x00000006c8e00000|
| 109|0x00000006c8f00000, 0x00000006c8f00000, 0x00000006c9000000|  0%| F|  |TS  0|AC  0|TAMS 0x00000006c8f00000, 0x00000006c8f00000|
| 110|0x00000006c9000000, 0x00000006c9000000, 0x00000006c9100000|  0%| F|  |TS  0|AC  0|TAMS 0x00000006c9000000, 0x00000006c9000000|
| 111|0x00000006c9100000, 0x00000006c9100000, 0x00000006c9200000|  0%| F|  |TS  0|AC  0|TAMS 0x00000006c9100000, 0x00000006c9100000|
| 112|0x00000006c9200000, 0x00000006c9200000, 0x00000006c9300000|  0%| F|  |TS  0|AC  0|TAMS 0x00000006c9200000, 0x00000006c9200000|
| 113|0x00000006c9300000, 0x00000006c9300000, 0x00000006c9400000|  0%| F|  |TS  0|AC  0|TAMS 0x00000006c9300000, 0x00000006c9300000|
| 114|0x00000006c9400000, 0x00000006c9400000, 0x00000006c9500000|  0%| F|  |TS  0|AC  0|TAMS 0x00000006c9400000, 0x00000006c9400000|
| 115|0x00000006c9500000, 0x00000006c9500000, 0x00000006c9600000|  0%| F|  |TS  0|AC  0|TAMS 0x00000006c9500000, 0x00000006c9500000|
| 116|0x00000006c9600000, 0x00000006c9600000, 0x00000006c9700000|  0%| F|  |TS  0|AC  0|TAMS 0x00000006c9600000, 0x00000006c9600000|
| 117|0x00000006c9700000, 0x00000006c9700000, 0x00000006c9800000|  0%| F|  |TS  0|AC  0|TAMS 0x00000006c9700000, 0x00000006c9700000|
| 118|0x00000006c9800000, 0x00000006c9800000, 0x00000006c9900000|  0%| F|  |TS  0|AC  0|TAMS 0x00000006c9800000, 0x00000006c9800000|
| 119|0x00000006c9900000, 0x00000006c9900000, 0x00000006c9a00000|  0%| F|  |TS  0|AC  0|TAMS 0x00000006c9900000, 0x00000006c9900000|
| 120|0x00000006c9a00000, 0x00000006c9a00000, 0x00000006c9b00000|  0%| F|  |TS  0|AC  0|TAMS 0x00000006c9a00000, 0x00000006c9a00000|
| 121|0x00000006c9b00000, 0x00000006c9b00000, 0x00000006c9c00000|  0%| F|  |TS  0|AC  0|TAMS 0x00000006c9b00000, 0x00000006c9b00000|
| 122|0x00000006c9c00000, 0x00000006c9c00000, 0x00000006c9d00000|  0%| F|  |TS  0|AC  0|TAMS 0x00000006c9c00000, 0x00000006c9c00000|
| 123|0x00000006c9d00000, 0x00000006c9d00000, 0x00000006c9e00000|  0%| F|  |TS  0|AC  0|TAMS 0x00000006c9d00000, 0x00000006c9d00000|
| 124|0x00000006c9e00000, 0x00000006c9e00000, 0x00000006c9f00000|  0%| F|  |TS  0|AC  0|TAMS 0x00000006c9e00000, 0x00000006c9e00000|
| 125|0x00000006c9f00000, 0x00000006c9f00000, 0x00000006ca000000|  0%| F|  |TS  0|AC  0|TAMS 0x00000006c9f00000, 0x00000006c9f00000|
| 126|0x00000006ca000000, 0x00000006ca000000, 0x00000006ca100000|  0%| F|  |TS  0|AC  0|TAMS 0x00000006ca000000, 0x00000006ca000000|
| 127|0x00000006ca100000, 0x00000006ca100000, 0x00000006ca200000|  0%| F|  |TS  0|AC  0|TAMS 0x00000006ca100000, 0x00000006ca100000|
| 128|0x00000006ca200000, 0x00000006ca200000, 0x00000006ca300000|  0%| F|  |TS  0|AC  0|TAMS 0x00000006ca200000, 0x00000006ca200000|
| 129|0x00000006ca300000, 0x00000006ca300000, 0x00000006ca400000|  0%| F|  |TS  0|AC  0|TAMS 0x00000006ca300000, 0x00000006ca300000|
| 130|0x00000006ca400000, 0x00000006ca400000, 0x00000006ca500000|  0%| F|  |TS  0|AC  0|TAMS 0x00000006ca400000, 0x00000006ca400000|
| 131|0x00000006ca500000, 0x00000006ca500000, 0x00000006ca600000|  0%| F|  |TS  0|AC  0|TAMS 0x00000006ca500000, 0x00000006ca500000|
| 132|0x00000006ca600000, 0x00000006ca600000, 0x00000006ca700000|  0%| F|  |TS  0|AC  0|TAMS 0x00000006ca600000, 0x00000006ca600000|
| 133|0x00000006ca700000, 0x00000006ca700000, 0x00000006ca800000|  0%| F|  |TS  0|AC  0|TAMS 0x00000006ca700000, 0x00000006ca700000|
| 134|0x00000006ca800000, 0x00000006ca800000, 0x00000006ca900000|  0%| F|  |TS  0|AC  0|TAMS 0x00000006ca800000, 0x00000006ca800000|
| 135|0x00000006ca900000, 0x00000006ca900000, 0x00000006caa00000|  0%| F|  |TS  0|AC  0|TAMS 0x00000006ca900000, 0x00000006ca900000|
| 136|0x00000006caa00000, 0x00000006caa00000, 0x00000006cab00000|  0%| F|  |TS  0|AC  0|TAMS 0x00000006caa00000, 0x00000006caa00000|
| 137|0x00000006cab00000, 0x00000006cab00000, 0x00000006cac00000|  0%| F|  |TS  0|AC  0|TAMS 0x00000006cab00000, 0x00000006cab00000|
| 138|0x00000006cac00000, 0x00000006cac00000, 0x00000006cad00000|  0%| F|  |TS  0|AC  0|TAMS 0x00000006cac00000, 0x00000006cac00000|
| 139|0x00000006cad00000, 0x00000006cad00000, 0x00000006cae00000|  0%| F|  |TS  0|AC  0|TAMS 0x00000006cad00000, 0x00000006cad00000|
| 140|0x00000006cae00000, 0x00000006cae00000, 0x00000006caf00000|  0%| F|  |TS  0|AC  0|TAMS 0x00000006cae00000, 0x00000006cae00000|
| 141|0x00000006caf00000, 0x00000006caf00000, 0x00000006cb000000|  0%| F|  |TS  0|AC  0|TAMS 0x00000006caf00000, 0x00000006caf00000|
| 142|0x00000006cb000000, 0x00000006cb000000, 0x00000006cb100000|  0%| F|  |TS  0|AC  0|TAMS 0x00000006cb000000, 0x00000006cb000000|
| 143|0x00000006cb100000, 0x00000006cb100000, 0x00000006cb200000|  0%| F|  |TS  0|AC  0|TAMS 0x00000006cb100000, 0x00000006cb100000|
| 144|0x00000006cb200000, 0x00000006cb200000, 0x00000006cb300000|  0%| F|  |TS  0|AC  0|TAMS 0x00000006cb200000, 0x00000006cb200000|
| 145|0x00000006cb300000, 0x00000006cb300000, 0x00000006cb400000|  0%| F|  |TS  0|AC  0|TAMS 0x00000006cb300000, 0x00000006cb300000|
| 146|0x00000006cb400000, 0x00000006cb400000, 0x00000006cb500000|  0%| F|  |TS  0|AC  0|TAMS 0x00000006cb400000, 0x00000006cb400000|
| 147|0x00000006cb500000, 0x00000006cb500000, 0x00000006cb600000|  0%| F|  |TS  0|AC  0|TAMS 0x00000006cb500000, 0x00000006cb500000|
| 148|0x00000006cb600000, 0x00000006cb600000, 0x00000006cb700000|  0%| F|  |TS  0|AC  0|TAMS 0x00000006cb600000, 0x00000006cb600000|
| 149|0x00000006cb700000, 0x00000006cb700000, 0x00000006cb800000|  0%| F|  |TS  0|AC  0|TAMS 0x00000006cb700000, 0x00000006cb700000|
| 150|0x00000006cb800000, 0x00000006cb800000, 0x00000006cb900000|  0%| F|  |TS  0|AC  0|TAMS 0x00000006cb800000, 0x00000006cb800000|
| 151|0x00000006cb900000, 0x00000006cb900000, 0x00000006cba00000|  0%| F|  |TS  0|AC  0|TAMS 0x00000006cb900000, 0x00000006cb900000|
| 152|0x00000006cba00000, 0x00000006cba00000, 0x00000006cbb00000|  0%| F|  |TS  0|AC  0|TAMS 0x00000006cba00000, 0x00000006cba00000|
| 153|0x00000006cbb00000, 0x00000006cbb00000, 0x00000006cbc00000|  0%| F|  |TS  0|AC  0|TAMS 0x00000006cbb00000, 0x00000006cbb00000|
| 154|0x00000006cbc00000, 0x00000006cbc00000, 0x00000006cbd00000|  0%| F|  |TS  0|AC  0|TAMS 0x00000006cbc00000, 0x00000006cbc00000|
| 155|0x00000006cbd00000, 0x00000006cbd00000, 0x00000006cbe00000|  0%| F|  |TS  0|AC  0|TAMS 0x00000006cbd00000, 0x00000006cbd00000|
| 156|0x00000006cbe00000, 0x00000006cbe00000, 0x00000006cbf00000|  0%| F|  |TS  0|AC  0|TAMS 0x00000006cbe00000, 0x00000006cbe00000|
| 157|0x00000006cbf00000, 0x00000006cbf00000, 0x00000006cc000000|  0%| F|  |TS  0|AC  0|TAMS 0x00000006cbf00000, 0x00000006cbf00000|
| 158|0x00000006cc000000, 0x00000006cc000000, 0x00000006cc100000|  0%| F|  |TS  0|AC  0|TAMS 0x00000006cc000000, 0x00000006cc000000|
| 159|0x00000006cc100000, 0x00000006cc100000, 0x00000006cc200000|  0%| F|  |TS  0|AC  0|TAMS 0x00000006cc100000, 0x00000006cc100000|
| 160|0x00000006cc200000, 0x00000006cc200000, 0x00000006cc300000|  0%| F|  |TS  0|AC  0|TAMS 0x00000006cc200000, 0x00000006cc200000|
| 161|0x00000006cc300000, 0x00000006cc300000, 0x00000006cc400000|  0%| F|  |TS  0|AC  0|TAMS 0x00000006cc300000, 0x00000006cc300000|
| 162|0x00000006cc400000, 0x00000006cc400000, 0x00000006cc500000|  0%| F|  |TS  0|AC  0|TAMS 0x00000006cc400000, 0x00000006cc400000|
| 163|0x00000006cc500000, 0x00000006cc500000, 0x00000006cc600000|  0%| F|  |TS  0|AC  0|TAMS 0x00000006cc500000, 0x00000006cc500000|
| 164|0x00000006cc600000, 0x00000006cc600000, 0x00000006cc700000|  0%| F|  |TS  0|AC  0|TAMS 0x00000006cc600000, 0x00000006cc600000|
| 165|0x00000006cc700000, 0x00000006cc700000, 0x00000006cc800000|  0%| F|  |TS  0|AC  0|TAMS 0x00000006cc700000, 0x00000006cc700000|
| 166|0x00000006cc800000, 0x00000006cc800000, 0x00000006cc900000|  0%| F|  |TS  0|AC  0|TAMS 0x00000006cc800000, 0x00000006cc800000|
| 167|0x00000006cc900000, 0x00000006cc900000, 0x00000006cca00000|  0%| F|  |TS  0|AC  0|TAMS 0x00000006cc900000, 0x00000006cc900000|
| 168|0x00000006cca00000, 0x00000006cca00000, 0x00000006ccb00000|  0%| F|  |TS  0|AC  0|TAMS 0x00000006cca00000, 0x00000006cca00000|
| 169|0x00000006ccb00000, 0x00000006ccb00000, 0x00000006ccc00000|  0%| F|  |TS  0|AC  0|TAMS 0x00000006ccb00000, 0x00000006ccb00000|
| 170|0x00000006ccc00000, 0x00000006ccc00000, 0x00000006ccd00000|  0%| F|  |TS  0|AC  0|TAMS 0x00000006ccc00000, 0x00000006ccc00000|
| 171|0x00000006ccd00000, 0x00000006ccd00000, 0x00000006cce00000|  0%| F|  |TS  0|AC  0|TAMS 0x00000006ccd00000, 0x00000006ccd00000|
| 172|0x00000006cce00000, 0x00000006cce00000, 0x00000006ccf00000|  0%| F|  |TS  0|AC  0|TAMS 0x00000006cce00000, 0x00000006cce00000|
| 173|0x00000006ccf00000, 0x00000006ccf00000, 0x00000006cd000000|  0%| F|  |TS  0|AC  0|TAMS 0x00000006ccf00000, 0x00000006ccf00000|
| 174|0x00000006cd000000, 0x00000006cd000000, 0x00000006cd100000|  0%| F|  |TS  0|AC  0|TAMS 0x00000006cd000000, 0x00000006cd000000|
| 175|0x00000006cd100000, 0x00000006cd100000, 0x00000006cd200000|  0%| F|  |TS  0|AC  0|TAMS 0x00000006cd100000, 0x00000006cd100000|
| 176|0x00000006cd200000, 0x00000006cd200000, 0x00000006cd300000|  0%| F|  |TS  0|AC  0|TAMS 0x00000006cd200000, 0x00000006cd200000|
| 177|0x00000006cd300000, 0x00000006cd300000, 0x00000006cd400000|  0%| F|  |TS  0|AC  0|TAMS 0x00000006cd300000, 0x00000006cd300000|
| 178|0x00000006cd400000, 0x00000006cd400000, 0x00000006cd500000|  0%| F|  |TS  0|AC  0|TAMS 0x00000006cd400000, 0x00000006cd400000|
| 179|0x00000006cd500000, 0x00000006cd500000, 0x00000006cd600000|  0%| F|  |TS  0|AC  0|TAMS 0x00000006cd500000, 0x00000006cd500000|
| 180|0x00000006cd600000, 0x00000006cd600000, 0x00000006cd700000|  0%| F|  |TS  0|AC  0|TAMS 0x00000006cd600000, 0x00000006cd600000|
| 181|0x00000006cd700000, 0x00000006cd700000, 0x00000006cd800000|  0%| F|  |TS  0|AC  0|TAMS 0x00000006cd700000, 0x00000006cd700000|
| 182|0x00000006cd800000, 0x00000006cd800000, 0x00000006cd900000|  0%| F|  |TS  0|AC  0|TAMS 0x00000006cd800000, 0x00000006cd800000|
| 183|0x00000006cd900000, 0x00000006cd900000, 0x00000006cda00000|  0%| F|  |TS  0|AC  0|TAMS 0x00000006cd900000, 0x00000006cd900000|
| 184|0x00000006cda00000, 0x00000006cda00000, 0x00000006cdb00000|  0%| F|  |TS  0|AC  0|TAMS 0x00000006cda00000, 0x00000006cda00000|
| 185|0x00000006cdb00000, 0x00000006cdb00000, 0x00000006cdc00000|  0%| F|  |TS  0|AC  0|TAMS 0x00000006cdb00000, 0x00000006cdb00000|
| 186|0x00000006cdc00000, 0x00000006cdc00000, 0x00000006cdd00000|  0%| F|  |TS  0|AC  0|TAMS 0x00000006cdc00000, 0x00000006cdc00000|
| 187|0x00000006cdd00000, 0x00000006cdd00000, 0x00000006cde00000|  0%| F|  |TS  0|AC  0|TAMS 0x00000006cdd00000, 0x00000006cdd00000|
| 188|0x00000006cde00000, 0x00000006cde00000, 0x00000006cdf00000|  0%| F|  |TS  0|AC  0|TAMS 0x00000006cde00000, 0x00000006cde00000|
| 189|0x00000006cdf00000, 0x00000006cdf00000, 0x00000006ce000000|  0%| F|  |TS  0|AC  0|TAMS 0x00000006cdf00000, 0x00000006cdf00000|
| 190|0x00000006ce000000, 0x00000006ce000000, 0x00000006ce100000|  0%| F|  |TS  0|AC  0|TAMS 0x00000006ce000000, 0x00000006ce000000|
| 191|0x00000006ce100000, 0x00000006ce100000, 0x00000006ce200000|  0%| F|  |TS  0|AC  0|TAMS 0x00000006ce100000, 0x00000006ce100000|
| 192|0x00000006ce200000, 0x00000006ce200000, 0x00000006ce300000|  0%| F|  |TS  0|AC  0|TAMS 0x00000006ce200000, 0x00000006ce200000|
| 193|0x00000006ce300000, 0x00000006ce300000, 0x00000006ce400000|  0%| F|  |TS  0|AC  0|TAMS 0x00000006ce300000, 0x00000006ce300000|
| 194|0x00000006ce400000, 0x00000006ce400000, 0x00000006ce500000|  0%| F|  |TS  0|AC  0|TAMS 0x00000006ce400000, 0x00000006ce400000|
| 195|0x00000006ce500000, 0x00000006ce500000, 0x00000006ce600000|  0%| F|  |TS  0|AC  0|TAMS 0x00000006ce500000, 0x00000006ce500000|
| 196|0x00000006ce600000, 0x00000006ce600000, 0x00000006ce700000|  0%| F|  |TS  0|AC  0|TAMS 0x00000006ce600000, 0x00000006ce600000|
| 197|0x00000006ce700000, 0x00000006ce700000, 0x00000006ce800000|  0%| F|  |TS  0|AC  0|TAMS 0x00000006ce700000, 0x00000006ce700000|
| 198|0x00000006ce800000, 0x00000006ce800000, 0x00000006ce900000|  0%| F|  |TS  0|AC  0|TAMS 0x00000006ce800000, 0x00000006ce800000|
| 199|0x00000006ce900000, 0x00000006ce900000, 0x00000006cea00000|  0%| F|  |TS  0|AC  0|TAMS 0x00000006ce900000, 0x00000006ce900000|
| 200|0x00000006cea00000, 0x00000006cea00000, 0x00000006ceb00000|  0%| F|  |TS  0|AC  0|TAMS 0x00000006cea00000, 0x00000006cea00000|
| 201|0x00000006ceb00000, 0x00000006ceb00000, 0x00000006cec00000|  0%| F|  |TS  0|AC  0|TAMS 0x00000006ceb00000, 0x00000006ceb00000|
| 202|0x00000006cec00000, 0x00000006cec00000, 0x00000006ced00000|  0%| F|  |TS  0|AC  0|TAMS 0x00000006cec00000, 0x00000006cec00000|
| 203|0x00000006ced00000, 0x00000006ced00000, 0x00000006cee00000|  0%| F|  |TS  0|AC  0|TAMS 0x00000006ced00000, 0x00000006ced00000|
| 204|0x00000006cee00000, 0x00000006cee00000, 0x00000006cef00000|  0%| F|  |TS  0|AC  0|TAMS 0x00000006cee00000, 0x00000006cee00000|
| 205|0x00000006cef00000, 0x00000006cef00000, 0x00000006cf000000|  0%| F|  |TS  0|AC  0|TAMS 0x00000006cef00000, 0x00000006cef00000|
| 206|0x00000006cf000000, 0x00000006cf000000, 0x00000006cf100000|  0%| F|  |TS  0|AC  0|TAMS 0x00000006cf000000, 0x00000006cf000000|
| 207|0x00000006cf100000, 0x00000006cf100000, 0x00000006cf200000|  0%| F|  |TS  0|AC  0|TAMS 0x00000006cf100000, 0x00000006cf100000|
| 208|0x00000006cf200000, 0x00000006cf200000, 0x00000006cf300000|  0%| F|  |TS  0|AC  0|TAMS 0x00000006cf200000, 0x00000006cf200000|
| 209|0x00000006cf300000, 0x00000006cf300000, 0x00000006cf400000|  0%| F|  |TS  0|AC  0|TAMS 0x00000006cf300000, 0x00000006cf300000|
| 210|0x00000006cf400000, 0x00000006cf400000, 0x00000006cf500000|  0%| F|  |TS  0|AC  0|TAMS 0x00000006cf400000, 0x00000006cf400000|
| 211|0x00000006cf500000, 0x00000006cf500000, 0x00000006cf600000|  0%| F|  |TS  0|AC  0|TAMS 0x00000006cf500000, 0x00000006cf500000|
| 212|0x00000006cf600000, 0x00000006cf600000, 0x00000006cf700000|  0%| F|  |TS  0|AC  0|TAMS 0x00000006cf600000, 0x00000006cf600000|
| 213|0x00000006cf700000, 0x00000006cf700000, 0x00000006cf800000|  0%| F|  |TS  0|AC  0|TAMS 0x00000006cf700000, 0x00000006cf700000|
| 214|0x00000006cf800000, 0x00000006cf800000, 0x00000006cf900000|  0%| F|  |TS  0|AC  0|TAMS 0x00000006cf800000, 0x00000006cf800000|
| 215|0x00000006cf900000, 0x00000006cf900000, 0x00000006cfa00000|  0%| F|  |TS  0|AC  0|TAMS 0x00000006cf900000, 0x00000006cf900000|
| 216|0x00000006cfa00000, 0x00000006cfa00000, 0x00000006cfb00000|  0%| F|  |TS  0|AC  0|TAMS 0x00000006cfa00000, 0x00000006cfa00000|
| 217|0x00000006cfb00000, 0x00000006cfb00000, 0x00000006cfc00000|  0%| F|  |TS  0|AC  0|TAMS 0x00000006cfb00000, 0x00000006cfb00000|
| 218|0x00000006cfc00000, 0x00000006cfc00000, 0x00000006cfd00000|  0%| F|  |TS  0|AC  0|TAMS 0x00000006cfc00000, 0x00000006cfc00000|
| 219|0x00000006cfd00000, 0x00000006cfd00000, 0x00000006cfe00000|  0%| F|  |TS  0|AC  0|TAMS 0x00000006cfd00000, 0x00000006cfd00000|
| 220|0x00000006cfe00000, 0x00000006cfe00000, 0x00000006cff00000|  0%| F|  |TS  0|AC  0|TAMS 0x00000006cfe00000, 0x00000006cfe00000|
| 221|0x00000006cff00000, 0x00000006cff00000, 0x00000006d0000000|  0%| F|  |TS  0|AC  0|TAMS 0x00000006cff00000, 0x00000006cff00000|
| 222|0x00000006d0000000, 0x00000006d0000000, 0x00000006d0100000|  0%| F|  |TS  0|AC  0|TAMS 0x00000006d0000000, 0x00000006d0000000|
| 223|0x00000006d0100000, 0x00000006d0100000, 0x00000006d0200000|  0%| F|  |TS  0|AC  0|TAMS 0x00000006d0100000, 0x00000006d0100000|
| 224|0x00000006d0200000, 0x00000006d0200000, 0x00000006d0300000|  0%| F|  |TS  0|AC  0|TAMS 0x00000006d0200000, 0x00000006d0200000|
| 225|0x00000006d0300000, 0x00000006d0300000, 0x00000006d0400000|  0%| F|  |TS  0|AC  0|TAMS 0x00000006d0300000, 0x00000006d0300000|
| 226|0x00000006d0400000, 0x00000006d0400000, 0x00000006d0500000|  0%| F|  |TS  0|AC  0|TAMS 0x00000006d0400000, 0x00000006d0400000|
| 227|0x00000006d0500000, 0x00000006d05dc848, 0x00000006d0600000| 86%| E|  |TS  0|AC  0|TAMS 0x00000006d0500000, 0x00000006d0500000|
| 228|0x00000006d0600000, 0x00000006d0700000, 0x00000006d0700000|100%| E|CS|TS  0|AC  0|TAMS 0x00000006d0600000, 0x00000006d0600000|
| 229|0x00000006d0700000, 0x00000006d0800000, 0x00000006d0800000|100%| E|CS|TS  0|AC  0|TAMS 0x00000006d0700000, 0x00000006d0700000|
| 230|0x00000006d0800000, 0x00000006d0900000, 0x00000006d0900000|100%| E|CS|TS  0|AC  0|TAMS 0x00000006d0800000, 0x00000006d0800000|
| 231|0x00000006d0900000, 0x00000006d0a00000, 0x00000006d0a00000|100%| E|CS|TS  0|AC  0|TAMS 0x00000006d0900000, 0x00000006d0900000|
| 232|0x00000006d0a00000, 0x00000006d0b00000, 0x00000006d0b00000|100%| E|CS|TS  0|AC  0|TAMS 0x00000006d0a00000, 0x00000006d0a00000|
| 233|0x00000006d0b00000, 0x00000006d0c00000, 0x00000006d0c00000|100%| E|CS|TS  0|AC  0|TAMS 0x00000006d0b00000, 0x00000006d0b00000|
| 234|0x00000006d0c00000, 0x00000006d0d00000, 0x00000006d0d00000|100%| E|CS|TS  0|AC  0|TAMS 0x00000006d0c00000, 0x00000006d0c00000|
| 235|0x00000006d0d00000, 0x00000006d0e00000, 0x00000006d0e00000|100%| E|CS|TS  0|AC  0|TAMS 0x00000006d0d00000, 0x00000006d0d00000|
| 236|0x00000006d0e00000, 0x00000006d0f00000, 0x00000006d0f00000|100%| E|CS|TS  0|AC  0|TAMS 0x00000006d0e00000, 0x00000006d0e00000|
| 237|0x00000006d0f00000, 0x00000006d0ffdf18, 0x00000006d1000000| 99%| S|CS|TS  0|AC  0|TAMS 0x00000006d0f00000, 0x00000006d0f00000|
| 238|0x00000006d1000000, 0x00000006d1100000, 0x00000006d1100000|100%| S|CS|TS  0|AC  0|TAMS 0x00000006d1000000, 0x00000006d1000000|
| 239|0x00000006d1100000, 0x00000006d1200000, 0x00000006d1200000|100%| S|CS|TS  0|AC  0|TAMS 0x00000006d1100000, 0x00000006d1100000|
| 240|0x00000006d1200000, 0x00000006d1300000, 0x00000006d1300000|100%| E|CS|TS  0|AC  0|TAMS 0x00000006d1200000, 0x00000006d1200000|
| 241|0x00000006d1300000, 0x00000006d1400000, 0x00000006d1400000|100%| E|CS|TS  0|AC  0|TAMS 0x00000006d1300000, 0x00000006d1300000|
| 242|0x00000006d1400000, 0x00000006d1500000, 0x00000006d1500000|100%| S|CS|TS  0|AC  0|TAMS 0x00000006d1400000, 0x00000006d1400000|
| 243|0x00000006d1500000, 0x00000006d1600000, 0x00000006d1600000|100%| E|CS|TS  0|AC  0|TAMS 0x00000006d1500000, 0x00000006d1500000|
| 244|0x00000006d1600000, 0x00000006d1700000, 0x00000006d1700000|100%| E|CS|TS  0|AC  0|TAMS 0x00000006d1600000, 0x00000006d1600000|
| 245|0x00000006d1700000, 0x00000006d1800000, 0x00000006d1800000|100%| E|CS|TS  0|AC  0|TAMS 0x00000006d1700000, 0x00000006d1700000|
| 246|0x00000006d1800000, 0x00000006d1900000, 0x00000006d1900000|100%| E|CS|TS  0|AC  0|TAMS 0x00000006d1800000, 0x00000006d1800000|
| 247|0x00000006d1900000, 0x00000006d1a00000, 0x00000006d1a00000|100%| E|CS|TS  0|AC  0|TAMS 0x00000006d1900000, 0x00000006d1900000|
| 248|0x00000006d1a00000, 0x00000006d1b00000, 0x00000006d1b00000|100%| E|CS|TS  0|AC  0|TAMS 0x00000006d1a00000, 0x00000006d1a00000|
| 249|0x00000006d1b00000, 0x00000006d1c00000, 0x00000006d1c00000|100%| E|CS|TS  0|AC  0|TAMS 0x00000006d1b00000, 0x00000006d1b00000|
| 250|0x00000006d1c00000, 0x00000006d1d00000, 0x00000006d1d00000|100%| E|CS|TS  0|AC  0|TAMS 0x00000006d1c00000, 0x00000006d1c00000|
| 251|0x00000006d1d00000, 0x00000006d1e00000, 0x00000006d1e00000|100%| E|CS|TS  0|AC  0|TAMS 0x00000006d1d00000, 0x00000006d1d00000|
| 252|0x00000006d1e00000, 0x00000006d1f00000, 0x00000006d1f00000|100%| E|CS|TS  0|AC  0|TAMS 0x00000006d1e00000, 0x00000006d1e00000|
| 253|0x00000006d1f00000, 0x00000006d2000000, 0x00000006d2000000|100%| E|CS|TS  0|AC  0|TAMS 0x00000006d1f00000, 0x00000006d1f00000|

Card table byte_map: [0x000002062a440000,0x000002062ac30000] byte_map_base: 0x0000020626e2f000

Marking Bits (Prev, Next): (CMBitMap*) 0x000002060da33858, (CMBitMap*) 0x000002060da33820
 Prev Bits: [0x000002062f3a0000, 0x0000020633318000)
 Next Bits: [0x000002062b420000, 0x000002062f398000)

Polling page: 0x000002060b910000

CodeHeap 'non-profiled nmethods': size=120064Kb used=1754Kb max_used=1754Kb free=118310Kb
 bounds [0x00000206218f0000, 0x0000020621b60000, 0x0000020628e30000]
CodeHeap 'profiled nmethods': size=120000Kb used=8424Kb max_used=8424Kb free=111575Kb
 bounds [0x000002061a3c0000, 0x000002061ac00000, 0x00000206218f0000]
CodeHeap 'non-nmethods': size=5696Kb used=1396Kb max_used=1455Kb free=4299Kb
 bounds [0x0000020619e30000, 0x000002061a0a0000, 0x000002061a3c0000]
 total_blobs=5143 nmethods=3692 adapters=553
 compilation: enabled

Compilation events (10 events):
Event: 3506.689 Thread 0x00000206363b4800 3690       4       java.awt.font.FontRenderContext::equals (127 bytes)
Event: 3506.691 Thread 0x00000206363b4800 nmethod 3690 0x0000020621aa6190 code [0x0000020621aa6320, 0x0000020621aa6438]
Event: 3506.697 Thread 0x0000020635b5c000 3691   !   3       javax.swing.CellRendererPane::paintComponent (178 bytes)
Event: 3506.700 Thread 0x0000020635b5c000 nmethod 3691 0x000002061abf6610 code [0x000002061abf6960, 0x000002061abf8510]
Event: 3506.706 Thread 0x0000020635b5c000 3692       3       javax.swing.JTable::getRowHeight (23 bytes)
Event: 3506.707 Thread 0x0000020635b5c000 nmethod 3692 0x000002061abf8c10 code [0x000002061abf8dc0, 0x000002061abf9050]
Event: 3506.707 Thread 0x0000020635b5c000 3693       3       javax.swing.JComponent::adjustPaintFlags (93 bytes)
Event: 3506.708 Thread 0x0000020635b5c000 nmethod 3693 0x000002061abf9110 code [0x000002061abf9360, 0x000002061abfa010]
Event: 3506.710 Thread 0x0000020635b52800 3694       4       java.awt.Rectangle::isEmpty (20 bytes)
Event: 3506.711 Thread 0x0000020635b52800 nmethod 3694 0x0000020621aa6590 code [0x0000020621aa6720, 0x0000020621aa6798]

GC Heap History (6 events):
Event: 1.286 GC heap before
{Heap before GC invocations=0 (full 0):
 garbage-first heap   total 260096K, used 14336K [0x00000006c2200000, 0x00000006c23007f0, 0x00000007c0000000)
  region size 1024K, 14 young (14336K), 0 survivors (0K)
 Metaspace       used 11354K, capacity 12172K, committed 12416K, reserved 1060864K
  class space    used 1183K, capacity 1352K, committed 1408K, reserved 1048576K
}
Event: 1.292 GC heap after
{Heap after GC invocations=1 (full 0):
 garbage-first heap   total 260096K, used 3124K [0x00000006c2200000, 0x00000006c23007f0, 0x00000007c0000000)
  region size 1024K, 2 young (2048K), 2 survivors (2048K)
 Metaspace       used 11354K, capacity 12172K, committed 12416K, reserved 1060864K
  class space    used 1183K, capacity 1352K, committed 1408K, reserved 1048576K
}
Event: 1.867 GC heap before
{Heap before GC invocations=1 (full 0):
 garbage-first heap   total 260096K, used 15412K [0x00000006c2200000, 0x00000006c23007f0, 0x00000007c0000000)
  region size 1024K, 14 young (14336K), 2 survivors (2048K)
 Metaspace       used 13622K, capacity 14490K, committed 14848K, reserved 1062912K
  class space    used 1498K, capacity 1689K, committed 1792K, reserved 1048576K
}
Event: 1.875 GC heap after
{Heap after GC invocations=2 (full 0):
 garbage-first heap   total 260096K, used 4405K [0x00000006c2200000, 0x00000006c23007f0, 0x00000007c0000000)
  region size 1024K, 2 young (2048K), 2 survivors (2048K)
 Metaspace       used 13622K, capacity 14490K, committed 14848K, reserved 1062912K
  class space    used 1498K, capacity 1689K, committed 1792K, reserved 1048576K
}
Event: 3.772 GC heap before
{Heap before GC invocations=2 (full 0):
 garbage-first heap   total 260096K, used 21813K [0x00000006c2200000, 0x00000006c23007f0, 0x00000007c0000000)
  region size 1024K, 13 young (13312K), 2 survivors (2048K)
 Metaspace       used 20186K, capacity 21126K, committed 21296K, reserved 1069056K
  class space    used 2419K, capacity 2617K, committed 2688K, reserved 1048576K
}
Event: 3.779 GC heap after
{Heap after GC invocations=3 (full 0):
 garbage-first heap   total 260096K, used 10276K [0x00000006c2200000, 0x00000006c23007f0, 0x00000007c0000000)
  region size 1024K, 4 young (4096K), 4 survivors (4096K)
 Metaspace       used 20186K, capacity 21126K, committed 21296K, reserved 1069056K
  class space    used 2419K, capacity 2617K, committed 2688K, reserved 1048576K
}

Deoptimization events (10 events):
Event: 17.918 Thread 0x0000020637e7d800 Uncommon trap: reason=unstable_if action=reinterpret pc=0x0000020621a441a8 method=java.awt.Toolkit$SelectiveAWTEventListener.eventDispatched(Ljava/awt/AWTEvent;)V @ 240 c2
Event: 19.696 Thread 0x0000020637e7d800 Uncommon trap: reason=class_check action=maybe_recompile pc=0x0000020621a3b690 method=java.awt.EventQueue.coalesceEvent(Ljava/awt/AWTEvent;I)Z @ 77 c2
Event: 19.796 Thread 0x0000020637e7d800 Uncommon trap: reason=class_check action=maybe_recompile pc=0x0000020621a3b690 method=java.awt.EventQueue.coalesceEvent(Ljava/awt/AWTEvent;I)Z @ 77 c2
Event: 20.344 Thread 0x0000020637e7d800 Uncommon trap: reason=class_check action=maybe_recompile pc=0x0000020621a3b690 method=java.awt.EventQueue.coalesceEvent(Ljava/awt/AWTEvent;I)Z @ 77 c2
Event: 21.049 Thread 0x0000020637e7d800 Uncommon trap: reason=unstable_if action=reinterpret pc=0x0000020621a59a90 method=java.awt.EventQueue.uncacheEQItem(Lsun/awt/EventQueueItem;)V @ 23 c2
Event: 21.050 Thread 0x0000020637e7d800 Uncommon trap: reason=unstable_if action=reinterpret pc=0x0000020621a35804 method=java.awt.Component.getInputContext()Ljava/awt/im/InputContext; @ 6 c2
Event: 21.054 Thread 0x0000020637e7d800 Uncommon trap: reason=unstable_if action=reinterpret pc=0x0000020621a60a18 method=java.awt.EventQueue.getPriority(Ljava/awt/AWTEvent;)I @ 4 c2
Event: 21.056 Thread 0x0000020637e7d800 Uncommon trap: reason=unstable_if action=reinterpret pc=0x0000020621a4db74 method=javax.swing.SwingUtilities.computeIntersection(IIIILjava/awt/Rectangle;)Ljava/awt/Rectangle; @ 90 c2
Event: 21.077 Thread 0x000002063699a800 Uncommon trap: reason=bimorphic_or_optimized_type_check action=maybe_recompile pc=0x00000206219c781c method=java.lang.String.valueOf(Ljava/lang/Object;)Ljava/lang/String; @ 10 c2
Event: 24.465 Thread 0x0000020637e7d800 Uncommon trap: reason=unstable_if action=reinterpret pc=0x0000020621a5bb94 method=java.lang.StrictMath.floorOrCeil(DDDD)D @ 115 c2

Classes redefined (0 events):
No events

Internal exceptions (10 events):
Event: 3.833 Thread 0x0000020637e7d800 Implicit null exception at 0x0000020621937ff4 to 0x00000206219385a5
Event: 3.833 Thread 0x0000020637e7d800 Implicit null exception at 0x0000020621926ef4 to 0x000002062192748d
Event: 3.940 Thread 0x0000020637cec000 Exception <a 'java/lang/NoSuchMethodError'{0x00000006d1cc40a0}: java.lang.invoke.DirectMethodHandle$Holder.invokeSpecial(Ljava/lang/Object;Ljava/lang/Object;IILjava/lang/Object;Ljava/lang/Object;Ljava/lang/Object;Ljava/lang/Object;)Ljava/lang/Object;> (0x
Event: 3.940 Thread 0x0000020637ceb000 Exception <a 'java/lang/NoSuchMethodError'{0x00000006d1c91478}: java.lang.invoke.DirectMethodHandle$Holder.invokeSpecial(Ljava/lang/Object;Ljava/lang/Object;IILjava/lang/Object;Ljava/lang/Object;Ljava/lang/Object;Ljava/lang/Object;)Ljava/lang/Object;> (0x
Event: 3.941 Thread 0x0000020637ceb000 Exception <a 'java/lang/NoSuchMethodError'{0x00000006d1c94c30}: java.lang.invoke.DelegatingMethodHandle$Holder.reinvoke_L(Ljava/lang/Object;IILjava/lang/Object;Ljava/lang/Object;Ljava/lang/Object;Ljava/lang/Object;)Ljava/lang/Object;> (0x00000006d1c94c30)
Event: 3.941 Thread 0x0000020637cec000 Exception <a 'java/lang/NoSuchMethodError'{0x00000006d1cc7880}: java.lang.invoke.DelegatingMethodHandle$Holder.reinvoke_L(Ljava/lang/Object;IILjava/lang/Object;Ljava/lang/Object;Ljava/lang/Object;Ljava/lang/Object;)Ljava/lang/Object;> (0x00000006d1cc7880)
Event: 3.945 Thread 0x0000020637cec000 Exception <a 'java/lang/NoSuchMethodError'{0x00000006d1cfe598}: java.lang.invoke.DirectMethodHandle$Holder.invokeStatic(Ljava/lang/Object;Ljava/lang/Object;Ljava/lang/Object;Ljava/lang/Object;Ljava/lang/Object;Ljava/lang/Object;Ljava/lang/Object;Ljava/lan
Event: 3.948 Thread 0x0000020637cec000 Exception <a 'java/lang/NoSuchMethodError'{0x00000006d1b48208}: method resolution failed> (0x00000006d1b48208) thrown at [t:/workspace/hotspot/src/share/vm/prims/methodHandles.cpp, line 1256]
Event: 3.953 Thread 0x0000020637cec000 Exception <a 'java/lang/NoSuchMethodError'{0x00000006d1b66460}: method resolution failed> (0x00000006d1b66460) thrown at [t:/workspace/hotspot/src/share/vm/prims/methodHandles.cpp, line 1256]
Event: 3.955 Thread 0x0000020637ceb000 Exception <a 'java/lang/NoSuchMethodError'{0x00000006d1b292e0}: method resolution failed> (0x00000006d1b292e0) thrown at [t:/workspace/hotspot/src/share/vm/prims/methodHandles.cpp, line 1256]

Events (10 events):
Event: 30.813 loading class javax/swing/Popup$HeavyWeightWindow
Event: 30.814 loading class javax/swing/JWindow
Event: 30.814 loading class javax/swing/JWindow done
Event: 30.814 loading class javax/swing/Popup$HeavyWeightWindow done
Event: 3505.320 Thread 0x0000020637e7d800 DEOPT PACKING pc=0x000002061abc3228 sp=0x0000001bd5afa8c0
Event: 3505.321 Thread 0x0000020637e7d800 DEOPT UNPACKING pc=0x0000020619e7dd3f sp=0x0000001bd5af9d70 mode 0
Event: 3506.412 loading class sun/awt/windows/WToolkit$3
Event: 3506.413 loading class sun/awt/windows/WToolkit$3 done
Event: 3506.425 loading class javax/swing/RepaintManager$DisplayChangedRunnable
Event: 3506.425 loading class javax/swing/RepaintManager$DisplayChangedRunnable done


Dynamic libraries:
0x00007ff6071c0000 - 0x00007ff6071fe000 	C:\Program Files\Java\jdk-9.0.1\bin\javaw.exe
0x00007ff9a1070000 - 0x00007ff9a1250000 	C:\WINDOWS\SYSTEM32\ntdll.dll
0x00007ff99fe70000 - 0x00007ff99ff1e000 	C:\WINDOWS\System32\KERNEL32.DLL
0x00007ff99d5f0000 - 0x00007ff99d856000 	C:\WINDOWS\System32\KERNELBASE.dll
0x00007ff99fd60000 - 0x00007ff99fe01000 	C:\WINDOWS\System32\ADVAPI32.dll
0x00007ff9a0410000 - 0x00007ff9a04ad000 	C:\WINDOWS\System32\msvcrt.dll
0x00007ff9a03b0000 - 0x00007ff9a040b000 	C:\WINDOWS\System32\sechost.dll
0x00007ff9a0aa0000 - 0x00007ff9a0bbf000 	C:\WINDOWS\System32\RPCRT4.dll
0x00007ff9a0bc0000 - 0x00007ff9a0d4f000 	C:\WINDOWS\System32\USER32.dll
0x00007ff99db60000 - 0x00007ff99db80000 	C:\WINDOWS\System32\win32u.dll
0x00007ff99fc40000 - 0x00007ff99fc68000 	C:\WINDOWS\System32\GDI32.dll
0x00007ff99d910000 - 0x00007ff99daa3000 	C:\WINDOWS\System32\gdi32full.dll
0x00007ff99e4a0000 - 0x00007ff99e53b000 	C:\WINDOWS\System32\msvcp_win.dll
0x00007ff99d470000 - 0x00007ff99d566000 	C:\WINDOWS\System32\ucrtbase.dll
0x00007ff984d50000 - 0x00007ff984fb9000 	C:\WINDOWS\WinSxS\amd64_microsoft.windows.common-controls_6595b64144ccf1df_6.0.16299.192_none_15c8cdae9364c23b\COMCTL32.dll
0x00007ff992710000 - 0x00007ff99271a000 	C:\WINDOWS\SYSTEM32\VERSION.dll
0x00007ff99ff20000 - 0x00007ff9a0228000 	C:\WINDOWS\System32\combase.dll
0x00007ff99d570000 - 0x00007ff99d5e2000 	C:\WINDOWS\System32\bcryptPrimitives.dll
0x00007ff99fd30000 - 0x00007ff99fd5d000 	C:\WINDOWS\System32\IMM32.DLL
0x00007ff973cc0000 - 0x00007ff973daf000 	C:\Program Files\Java\jdk-9.0.1\bin\msvcr120.dll
0x00007ff97bd80000 - 0x00007ff97be26000 	C:\Program Files\Java\jdk-9.0.1\bin\msvcp120.dll
0x0000000062550000 - 0x0000000062f74000 	C:\Program Files\Java\jdk-9.0.1\bin\server\jvm.dll
0x00007ff9a0e20000 - 0x00007ff9a0e28000 	C:\WINDOWS\System32\PSAPI.DLL
0x00007ff991ed0000 - 0x00007ff991ef3000 	C:\WINDOWS\SYSTEM32\WINMM.dll
0x00007ff990760000 - 0x00007ff990769000 	C:\WINDOWS\SYSTEM32\WSOCK32.dll
0x00007ff9a0230000 - 0x00007ff9a029c000 	C:\WINDOWS\System32\WS2_32.dll
0x00007ff991ff0000 - 0x00007ff99201a000 	C:\WINDOWS\SYSTEM32\winmmbase.dll
0x00007ff99d8c0000 - 0x00007ff99d90a000 	C:\WINDOWS\System32\cfgmgr32.dll
0x00007ff994020000 - 0x00007ff99402f000 	C:\Program Files\Java\jdk-9.0.1\bin\verify.dll
0x00007ff98ca20000 - 0x00007ff98ca47000 	C:\Program Files\Java\jdk-9.0.1\bin\java.dll
0x00007ff993d80000 - 0x00007ff993d96000 	C:\Program Files\Java\jdk-9.0.1\bin\zip.dll
0x00007ff993fc0000 - 0x00007ff993fca000 	C:\Program Files\Java\jdk-9.0.1\bin\jimage.dll
0x00007ff99e800000 - 0x00007ff99fc36000 	C:\WINDOWS\System32\SHELL32.dll
0x00007ff9a02a0000 - 0x00007ff9a0346000 	C:\WINDOWS\System32\shcore.dll
0x00007ff99dd50000 - 0x00007ff99e497000 	C:\WINDOWS\System32\windows.storage.dll
0x00007ff99e690000 - 0x00007ff99e6e1000 	C:\WINDOWS\System32\shlwapi.dll
0x00007ff99d450000 - 0x00007ff99d461000 	C:\WINDOWS\System32\kernel.appcore.dll
0x00007ff99d400000 - 0x00007ff99d44c000 	C:\WINDOWS\System32\powrprof.dll
0x00007ff99d3c0000 - 0x00007ff99d3db000 	C:\WINDOWS\System32\profapi.dll
0x00007ff98ca00000 - 0x00007ff98ca1a000 	C:\Program Files\Java\jdk-9.0.1\bin\net.dll
0x00007ff999060000 - 0x00007ff99913e000 	C:\WINDOWS\SYSTEM32\WINHTTP.dll
0x00007ff99cbf0000 - 0x00007ff99cc56000 	C:\WINDOWS\system32\mswsock.dll
0x00007ff98b140000 - 0x00007ff98b151000 	C:\Program Files\Java\jdk-9.0.1\bin\nio.dll
0x00007ff9723d0000 - 0x00007ff972569000 	C:\Program Files\Java\jdk-9.0.1\bin\awt.dll
0x00007ff9a0d50000 - 0x00007ff9a0e15000 	C:\WINDOWS\System32\OLEAUT32.dll
0x00007ff99a660000 - 0x00007ff99ac18000 	C:\WINDOWS\SYSTEM32\d2d1.dll
0x00007ff99db80000 - 0x00007ff99dd4e000 	C:\WINDOWS\System32\CRYPT32.dll
0x00007ff99d3e0000 - 0x00007ff99d3f2000 	C:\WINDOWS\System32\MSASN1.dll
0x00007ff99b640000 - 0x00007ff99b6c8000 	C:\WINDOWS\SYSTEM32\apphelp.dll
0x00007ff99b8b0000 - 0x00007ff99b945000 	C:\WINDOWS\system32\uxtheme.dll
0x00007ff9a0e50000 - 0x00007ff9a0fb7000 	C:\WINDOWS\System32\MSCTF.dll
0x00007ff95f1b0000 - 0x00007ff95f22c000 	D:\Program Files\TeamViewer\tv_x64.dll
0x00007ff99e540000 - 0x00007ff99e689000 	C:\WINDOWS\System32\ole32.dll
0x00007ff99bbb0000 - 0x00007ff99bbda000 	C:\WINDOWS\system32\dwmapi.dll
0x00007ff972330000 - 0x00007ff9723cd000 	C:\Program Files\Java\jdk-9.0.1\bin\fontmanager.dll
0x00007ff97ec30000 - 0x00007ff97ed4e000 	C:\WINDOWS\system32\opengl32.dll
0x00007ff97edb0000 - 0x00007ff97eddc000 	C:\WINDOWS\SYSTEM32\GLU32.dll
0x00007ff97e020000 - 0x00007ff97e062000 	C:\Program Files\Java\jdk-9.0.1\bin\t2k.dll
0x00007ff98a760000 - 0x00007ff98a806000 	C:\WINDOWS\WinSxS\amd64_microsoft.windows.common-controls_6595b64144ccf1df_5.82.16299.192_none_887f70824ab5b0de\comctl32.dll
0x00007ff988500000 - 0x00007ff988519000 	C:\WINDOWS\SYSTEM32\CLDAPI.dll
0x00007ff987650000 - 0x00007ff987694000 	C:\WINDOWS\SYSTEM32\AEPIC.dll
0x00007ff993d70000 - 0x00007ff993d7a000 	C:\WINDOWS\SYSTEM32\FLTLIB.DLL
0x00007ff99cdb0000 - 0x00007ff99cdc7000 	C:\WINDOWS\SYSTEM32\cryptsp.dll
0x00007ff99c500000 - 0x00007ff99c531000 	C:\WINDOWS\SYSTEM32\ntmarta.dll
0x00007ff99cec0000 - 0x00007ff99cee5000 	C:\WINDOWS\SYSTEM32\bcrypt.dll
0x00007ff99fc80000 - 0x00007ff99fd1e000 	C:\WINDOWS\System32\clbcatq.dll
0x00007ff99bf70000 - 0x00007ff99c121000 	C:\WINDOWS\system32\propsys.dll
0x00007ff96b6a0000 - 0x00007ff96b7c7000 	C:\WINDOWS\system32\NetworkExplorer.dll
0x00007ff98f4d0000 - 0x00007ff98fac4000 	C:\Windows\System32\OneCoreUAPCommonProxyStub.dll
0x00007ff988ff0000 - 0x00007ff98919b000 	C:\WINDOWS\SYSTEM32\WindowsCodecs.dll
0x00007ff97bca0000 - 0x00007ff97bcfb000 	C:\Windows\System32\thumbcache.dll
0x00007ff999e50000 - 0x00007ff999ecb000 	C:\WINDOWS\SYSTEM32\policymanager.dll
0x00007ff999da0000 - 0x00007ff999e30000 	C:\WINDOWS\SYSTEM32\msvcp110_win.dll
0x00007ff992020000 - 0x00007ff99203b000 	C:\WINDOWS\SYSTEM32\MPR.dll
0x00007ff9981e0000 - 0x00007ff9981eb000 	C:\WINDOWS\System32\drprov.dll
0x00007ff99d1c0000 - 0x00007ff99d215000 	C:\WINDOWS\System32\WINSTA.dll
0x00007ff991a90000 - 0x00007ff991aa6000 	C:\WINDOWS\System32\ntlanman.dll
0x00007ff97da00000 - 0x00007ff97da1c000 	C:\WINDOWS\System32\davclnt.dll
0x00007ff991a80000 - 0x00007ff991a8c000 	C:\WINDOWS\System32\DAVHLPR.dll
0x00007ff999160000 - 0x00007ff999177000 	C:\WINDOWS\System32\wkscli.dll
0x00007ff97fef0000 - 0x00007ff97ff02000 	C:\WINDOWS\SYSTEM32\cscapi.dll
0x00007ff99ca80000 - 0x00007ff99ca8e000 	C:\WINDOWS\System32\netutils.dll
0x00007ff96b7d0000 - 0x00007ff96b81a000 	C:\Windows\System32\dlnashext.dll
0x00007ff976c40000 - 0x00007ff976c5f000 	C:\Windows\System32\DevDispItemProvider.dll
0x00007ff99cfe0000 - 0x00007ff99d007000 	C:\WINDOWS\System32\DEVOBJ.dll
0x00007ff96b4a0000 - 0x00007ff96b67f000 	C:\WINDOWS\system32\wpdshext.dll
0x00007ff98af80000 - 0x00007ff98b11c000 	C:\WINDOWS\WinSxS\amd64_microsoft.windows.gdiplus_6595b64144ccf1df_1.1.16299.192_none_46b3c093edf73c09\gdiplus.dll
0x00007ff99b700000 - 0x00007ff99b7a0000 	C:\Windows\System32\PortableDeviceApi.dll
0x00007ff9a0650000 - 0x00007ff9a0a9e000 	C:\WINDOWS\System32\SETUPAPI.dll
0x00007ff99d860000 - 0x00007ff99d8b8000 	C:\WINDOWS\System32\WINTRUST.dll
0x00007ff9897a0000 - 0x00007ff9897d6000 	C:\Windows\System32\EhStorShell.dll
0x00007ff97df80000 - 0x00007ff97dfa5000 	C:\Windows\System32\EhStorAPI.dll
0x00007ff998d90000 - 0x00007ff998da3000 	C:\Windows\System32\WTSAPI32.dll
0x00007ff98b250000 - 0x00007ff98b260000 	C:\WINDOWS\SYSTEM32\LINKINFO.dll
0x00007ff995730000 - 0x00007ff9958fc000 	C:\WINDOWS\SYSTEM32\urlmon.dll
0x00007ff9a0e30000 - 0x00007ff9a0e4d000 	C:\WINDOWS\System32\imagehlp.dll
0x00007ff9953b0000 - 0x00007ff995649000 	C:\WINDOWS\SYSTEM32\iertutil.dll
0x00007ff99cdd0000 - 0x00007ff99cddb000 	C:\WINDOWS\SYSTEM32\CRYPTBASE.DLL
0x00007ff995ad0000 - 0x00007ff995adc000 	C:\WINDOWS\SYSTEM32\Secur32.dll
0x00007ff99d2c0000 - 0x00007ff99d2f0000 	C:\WINDOWS\SYSTEM32\SSPICLI.DLL
0x00007ff97c510000 - 0x00007ff97c55f000 	C:\WINDOWS\system32\dataexchange.dll
0x00007ff99a290000 - 0x00007ff99a571000 	C:\WINDOWS\system32\d3d11.dll
0x00007ff99b320000 - 0x00007ff99b462000 	C:\WINDOWS\system32\dcomp.dll
0x00007ff99c1e0000 - 0x00007ff99c28f000 	C:\WINDOWS\system32\dxgi.dll
0x00007ff99b9a0000 - 0x00007ff99bb1b000 	C:\WINDOWS\system32\twinapi.appcore.dll
0x00007ff99bb50000 - 0x00007ff99bb70000 	C:\WINDOWS\system32\RMCLIENT.dll
0x00007ff998050000 - 0x00007ff998059000 	C:\Program Files (x86)\Internet Download Manager\IDMShellExt64.dll
0x00007ff978c60000 - 0x00007ff978cb4000 	C:\Program Files (x86)\Dropbox\Client\DropboxExt64.19.0.dll
0x00007ff9991b0000 - 0x00007ff99921f000 	C:\WINDOWS\system32\PhotoMetadataHandler.dll
0x00007ff98c840000 - 0x00007ff98c8d8000 	C:\WINDOWS\System32\TextInputFramework.dll
0x00007ff98c550000 - 0x00007ff98c83e000 	C:\WINDOWS\System32\CoreUIComponents.dll
0x00007ff99a190000 - 0x00007ff99a26c000 	C:\WINDOWS\System32\CoreMessaging.dll
0x00007ff998df0000 - 0x00007ff998f26000 	C:\WINDOWS\SYSTEM32\wintypes.dll
0x00007ff98eee0000 - 0x00007ff98f0a8000 	C:\WINDOWS\SYSTEM32\dbghelp.dll

VM Arguments:
java_command: HardwareSimulatorMain
java_class_path (initial): .;C:\Program Files (x86)\QuickTime\QTSystem\QTJava.zip;C:\Program Files\Java\jdk-9.0.1\\lib;;.;bin/classes;bin/lib/Hack.jar;bin/lib/HackGUI.jar;bin/lib/Simulators.jar;bin/lib/SimulatorsGUI.jar;bin/lib/Compilers.jar
Launcher Type: SUN_STANDARD

Logging:
Log output configuration:
#0: stdout all=warning uptime,level,tags
#1: stderr all=off uptime,level,tags

Environment Variables:
JAVA_HOME=C:\Program Files\Java\jdk1.8.0_151
CLASSPATH=.;C:\Program Files (x86)\QuickTime\QTSystem\QTJava.zip;C:\Program Files\Java\jdk-9.0.1\\lib;
PATH=C:\Program Files\Java\jdk-9.0.1\bin;C:\Program Files\Microsoft MPI\Bin\;C:\windows\system32;C:\windows;C:\windows\System32\Wbem;C:\windows\System32\WindowsPowerShell\v1.0\;C:\Program Files (x86)\QuickTime\QTSystem\;D:\Program Files\MATLAB\MATLAB Production Server\R2015a\runtime\win64;D:\Program Files\MATLAB\MATLAB Production Server\R2015a\bin;C:\Program Files (x86)\Microsoft SQL Server\130\Tools\Binn\;C:\Program Files\Microsoft SQL Server\130\Tools\Binn\;C:\Program Files (x86)\Microsoft SQL Server\130\DTS\Binn\;C:\Program Files\Microsoft SQL Server\130\DTS\Binn\;C:\Program Files\Microsoft SQL Server\Client SDK\ODBC\130\Tools\Binn\;C:\Program Files (x86)\Microsoft SQL Server\Client SDK\ODBC\130\Tools\Binn\;C:\Program Files (x86)\Microsoft SQL Server\130\Tools\Binn\ManagementStudio\;C:\Users\SP2\AppData\Local\Android\sdk\platform-tools;C:\Program Files (x86)\NVIDIA Corporation\PhysX\Common;C:\WINDOWS\system32;C:\WINDOWS;C:\WINDOWS\System32\Wbem;C:\WINDOWS\System32\WindowsP;C:\Bitvise SSH Client;C:\ProgramData\Oracle\Java\javapath;C:\Program Files\MySQL\MySQL Utilities 1.6\;C:\WINDOWS\system32;C:\WINDOWS;C:\WINDOWS\System32\Wbem;C:\WINDOWS\System32\WindowsPowerShell\v1.0\;C:\Program Files (x86)\Gpg4win\..\GnuPG\bin;D:\Program_Files\Anaconda3\Scripts\;D:\Program_Files\Anaconda3\;C:\Users\SP2\AppData\Local\Programs\Python\Python36\Scripts\;C:\Users\SP2\AppData\Local\Programs\Python\Python36\;C:\Program Files (x86)\IDM Computer Solutions\UltraEdit\;D:\Program Files\texlive\2015\bin\win32;C:\Users\SP2\AppData\Local\Microsoft\WindowsApps;C:\Users\SP2\AppData\Roaming\npm;C:\adb;D:\cygwin64\bin;D:\cygwin64\;D:\Program Files\Microsoft VS Code\bin;C:\Program Files\apache-maven-3.5.2\bin;D:\LLVM\bin
USERNAME=SP2
OS=Windows_NT
PROCESSOR_IDENTIFIER=Intel64 Family 6 Model 58 Stepping 9, GenuineIntel



---------------  S Y S T E M  ---------------

OS: Windows 10 , 64 bit Build 16299 (10.0.16299.15)

CPU:total 4 (initial active 4) (2 cores per cpu, 2 threads per core) family 6 model 58 stepping 9, cmov, cx8, fxsr, mmx, sse, sse2, sse3, ssse3, sse4.1, sse4.2, popcnt, avx, aes, clmul, erms, ht, tsc, tscinvbit, tscinv

Memory: 4k page, physical 16633992k(6831668k free), swap 21628108k(3683328k free)

vm_info: Java HotSpot(TM) 64-Bit Server VM (9.0.1+11) for windows-amd64 JRE (9.0.1+11), built on Sep 28 2017 04:54:03 by "mach5one" with MS VC++ 12.0 (VS2013)

END.
